<?xml version="1.0" encoding="UTF-8" ?>
<testsuites>
  <testsuite errors="0" failures="0" hostname="Apples-MacBook-Pro.local" id="0" name="TaskSpec" package="com.github.blythe.todo" tests="1" time="0.547" timestamp="2012-11-28T04:02:28">
      <properties />

      <testcase classname="com.github.blythe.todo.TaskSpec" name="save Task" time="0.521" />

      <system-out><![CDATA[--Output from save Task--
]]></system-out>

      <system-err><![CDATA[--Output from save Task--
]]></system-err>

  </testsuite>
  <testsuite errors="0" failures="0" hostname="Apples-MacBook-Pro.local" id="1" name="TodoComposerTests" package="todo" tests="1" time="0.056" timestamp="2012-11-28T04:02:27">
      <properties />

      <testcase classname="todo.TodoComposerTests" name="testSomething" time="0.027" />

      <system-out><![CDATA[--Output from testSomething--
]]></system-out>

      <system-err><![CDATA[--Output from testSomething--
]]></system-err>

  </testsuite>
</testsuites>
